2016-07-16 12:10:14 ERROR PostTask:41 - Error while posting: url = http://daythietkethoitrang.com/forum
org.openqa.selenium.WebDriverException: chrome not reachable
  (Session info: chrome=51.0.2704.106)
  (Driver info: chromedriver=2.22.397933 (1cab651507b88dec79b2b2a22d1943c01833cc1b),platform=Windows NT 6.1.7601 SP1 x86_64) (WARNING: The server did not provide any stacktrace information)
Command duration or timeout: 4.04 seconds
Build info: version: '2.53.0', revision: '35ae25b1534ae328c771e0856c93e187490ca824', time: '2016-03-15 10:43:46'
System info: host: 'Bao-PC', ip: '192.168.100.3', os.name: 'Windows 7', os.arch: 'amd64', os.version: '6.1', java.version: '1.8.0_91'
Driver info: org.openqa.selenium.chrome.ChromeDriver
Capabilities [{applicationCacheEnabled=false, rotatable=false, mobileEmulationEnabled=false, chrome={chromedriverVersion=2.22.397933 (1cab651507b88dec79b2b2a22d1943c01833cc1b), userDataDir=C:\Users\Bao\AppData\Local\Temp\scoped_dir2556_21075}, takesHeapSnapshot=true, databaseEnabled=false, handlesAlerts=true, hasTouchScreen=false, version=51.0.2704.106, platform=XP, browserConnectionEnabled=false, nativeEvents=true, acceptSslCerts=true, locationContextEnabled=true, webStorageEnabled=true, browserName=chrome, takesScreenshot=true, javascriptEnabled=true, cssSelectorsEnabled=true}]
Session ID: a8a86880b220f64d54697cbe4c9b0c6f
	at sun.reflect.NativeConstructorAccessorImpl.newInstance0(Native Method)
	at sun.reflect.NativeConstructorAccessorImpl.newInstance(Unknown Source)
	at sun.reflect.DelegatingConstructorAccessorImpl.newInstance(Unknown Source)
	at java.lang.reflect.Constructor.newInstance(Unknown Source)
	at org.openqa.selenium.remote.ErrorHandler.createThrowable(ErrorHandler.java:206)
	at org.openqa.selenium.remote.ErrorHandler.throwIfResponseFailed(ErrorHandler.java:158)
	at org.openqa.selenium.remote.RemoteWebDriver.execute(RemoteWebDriver.java:678)
	at org.openqa.selenium.remote.RemoteWebDriver.get(RemoteWebDriver.java:316)
	at bao.autopost.model.Website.goToSelectedCategory(Website.java:216)
	at bao.autopost.model.Website.post(Website.java:226)
	at bao.autopost.model.PostTask.run(PostTask.java:36)
	at java.util.concurrent.ThreadPoolExecutor.runWorker(Unknown Source)
	at java.util.concurrent.ThreadPoolExecutor$Worker.run(Unknown Source)
	at java.lang.Thread.run(Unknown Source)
2016-07-16 12:10:27 ERROR PostTask:41 - Error while posting: url = http://raovatthoitrang.com
org.openqa.selenium.TimeoutException: Timed out after 10 seconds waiting for element to be clickable: By.xpath: //*[@id="loginBarHandle"]/label/a
Build info: version: '2.53.0', revision: '35ae25b1534ae328c771e0856c93e187490ca824', time: '2016-03-15 10:43:46'
System info: host: 'Bao-PC', ip: '192.168.100.3', os.name: 'Windows 7', os.arch: 'amd64', os.version: '6.1', java.version: '1.8.0_91'
Driver info: org.openqa.selenium.chrome.ChromeDriver
Capabilities [{applicationCacheEnabled=false, rotatable=false, mobileEmulationEnabled=false, chrome={chromedriverVersion=2.22.397933 (1cab651507b88dec79b2b2a22d1943c01833cc1b), userDataDir=C:\Users\Bao\AppData\Local\Temp\scoped_dir5024_5926}, takesHeapSnapshot=true, databaseEnabled=false, handlesAlerts=true, hasTouchScreen=false, version=51.0.2704.106, platform=XP, browserConnectionEnabled=false, nativeEvents=true, acceptSslCerts=true, locationContextEnabled=true, webStorageEnabled=true, browserName=chrome, takesScreenshot=true, javascriptEnabled=true, cssSelectorsEnabled=true}]
Session ID: 5babf050a1421ce0a72b6c6e676f360f
	at org.openqa.selenium.support.ui.WebDriverWait.timeoutException(WebDriverWait.java:80)
	at org.openqa.selenium.support.ui.FluentWait.until(FluentWait.java:261)
	at bao.autopost.model.Website.login(Website.java:201)
	at bao.autopost.model.Website.post(Website.java:225)
	at bao.autopost.model.PostTask.run(PostTask.java:36)
	at java.util.concurrent.ThreadPoolExecutor.runWorker(Unknown Source)
	at java.util.concurrent.ThreadPoolExecutor$Worker.run(Unknown Source)
	at java.lang.Thread.run(Unknown Source)
Caused by: org.openqa.selenium.NoSuchWindowException: no such window: target window already closed
from unknown error: web view not found
  (Session info: chrome=51.0.2704.106)
  (Driver info: chromedriver=2.22.397933 (1cab651507b88dec79b2b2a22d1943c01833cc1b),platform=Windows NT 6.1.7601 SP1 x86_64) (WARNING: The server did not provide any stacktrace information)
Command duration or timeout: 5 milliseconds
Build info: version: '2.53.0', revision: '35ae25b1534ae328c771e0856c93e187490ca824', time: '2016-03-15 10:43:46'
System info: host: 'Bao-PC', ip: '192.168.100.3', os.name: 'Windows 7', os.arch: 'amd64', os.version: '6.1', java.version: '1.8.0_91'
Driver info: org.openqa.selenium.chrome.ChromeDriver
Capabilities [{applicationCacheEnabled=false, rotatable=false, mobileEmulationEnabled=false, chrome={chromedriverVersion=2.22.397933 (1cab651507b88dec79b2b2a22d1943c01833cc1b), userDataDir=C:\Users\Bao\AppData\Local\Temp\scoped_dir5024_5926}, takesHeapSnapshot=true, databaseEnabled=false, handlesAlerts=true, hasTouchScreen=false, version=51.0.2704.106, platform=XP, browserConnectionEnabled=false, nativeEvents=true, acceptSslCerts=true, locationContextEnabled=true, webStorageEnabled=true, browserName=chrome, takesScreenshot=true, javascriptEnabled=true, cssSelectorsEnabled=true}]
Session ID: 5babf050a1421ce0a72b6c6e676f360f
*** Element info: {Using=xpath, value=//*[@id="loginBarHandle"]/label/a}
	at sun.reflect.GeneratedConstructorAccessor10.newInstance(Unknown Source)
	at sun.reflect.DelegatingConstructorAccessorImpl.newInstance(Unknown Source)
	at java.lang.reflect.Constructor.newInstance(Unknown Source)
	at org.openqa.selenium.remote.ErrorHandler.createThrowable(ErrorHandler.java:206)
	at org.openqa.selenium.remote.ErrorHandler.throwIfResponseFailed(ErrorHandler.java:158)
	at org.openqa.selenium.remote.RemoteWebDriver.execute(RemoteWebDriver.java:678)
	at org.openqa.selenium.remote.RemoteWebDriver.findElement(RemoteWebDriver.java:363)
	at org.openqa.selenium.remote.RemoteWebDriver.findElementByXPath(RemoteWebDriver.java:500)
	at org.openqa.selenium.By$ByXPath.findElement(By.java:361)
	at org.openqa.selenium.remote.RemoteWebDriver.findElement(RemoteWebDriver.java:355)
	at org.openqa.selenium.support.ui.ExpectedConditions.findElement(ExpectedConditions.java:899)
	at org.openqa.selenium.support.ui.ExpectedConditions.access$000(ExpectedConditions.java:41)
	at org.openqa.selenium.support.ui.ExpectedConditions$7.apply(ExpectedConditions.java:205)
	at org.openqa.selenium.support.ui.ExpectedConditions$7.apply(ExpectedConditions.java:201)
	at org.openqa.selenium.support.ui.ExpectedConditions$22.apply(ExpectedConditions.java:653)
	at org.openqa.selenium.support.ui.ExpectedConditions$22.apply(ExpectedConditions.java:646)
	at org.openqa.selenium.support.ui.FluentWait.until(FluentWait.java:238)
	... 6 more
2016-07-16 12:11:20 ERROR PostTask:41 - Error while posting: url = http://raovatthoitrang.com
org.openqa.selenium.TimeoutException: Timed out after 10 seconds waiting for element to be clickable: By.xpath: //*[@id="loginBarHandle"]/label/a
Build info: version: '2.53.0', revision: '35ae25b1534ae328c771e0856c93e187490ca824', time: '2016-03-15 10:43:46'
System info: host: 'Bao-PC', ip: '192.168.100.3', os.name: 'Windows 7', os.arch: 'amd64', os.version: '6.1', java.version: '1.8.0_91'
Driver info: org.openqa.selenium.chrome.ChromeDriver
Capabilities [{applicationCacheEnabled=false, rotatable=false, mobileEmulationEnabled=false, chrome={chromedriverVersion=2.22.397933 (1cab651507b88dec79b2b2a22d1943c01833cc1b), userDataDir=C:\Users\Bao\AppData\Local\Temp\scoped_dir3376_7362}, takesHeapSnapshot=true, databaseEnabled=false, handlesAlerts=true, hasTouchScreen=false, version=51.0.2704.106, platform=XP, browserConnectionEnabled=false, nativeEvents=true, acceptSslCerts=true, locationContextEnabled=true, webStorageEnabled=true, browserName=chrome, takesScreenshot=true, javascriptEnabled=true, cssSelectorsEnabled=true}]
Session ID: 2ccbeb8038ba4d686b34dd8eadd53e8c
	at org.openqa.selenium.support.ui.WebDriverWait.timeoutException(WebDriverWait.java:80)
	at org.openqa.selenium.support.ui.FluentWait.until(FluentWait.java:261)
	at bao.autopost.model.Website.login(Website.java:201)
	at bao.autopost.model.Website.post(Website.java:225)
	at bao.autopost.model.PostTask.run(PostTask.java:36)
	at java.util.concurrent.ThreadPoolExecutor.runWorker(Unknown Source)
	at java.util.concurrent.ThreadPoolExecutor$Worker.run(Unknown Source)
	at java.lang.Thread.run(Unknown Source)
Caused by: org.openqa.selenium.NoSuchWindowException: no such window: target window already closed
from unknown error: web view not found
  (Session info: chrome=51.0.2704.106)
  (Driver info: chromedriver=2.22.397933 (1cab651507b88dec79b2b2a22d1943c01833cc1b),platform=Windows NT 6.1.7601 SP1 x86_64) (WARNING: The server did not provide any stacktrace information)
Command duration or timeout: 5 milliseconds
Build info: version: '2.53.0', revision: '35ae25b1534ae328c771e0856c93e187490ca824', time: '2016-03-15 10:43:46'
System info: host: 'Bao-PC', ip: '192.168.100.3', os.name: 'Windows 7', os.arch: 'amd64', os.version: '6.1', java.version: '1.8.0_91'
Driver info: org.openqa.selenium.chrome.ChromeDriver
Capabilities [{applicationCacheEnabled=false, rotatable=false, mobileEmulationEnabled=false, chrome={chromedriverVersion=2.22.397933 (1cab651507b88dec79b2b2a22d1943c01833cc1b), userDataDir=C:\Users\Bao\AppData\Local\Temp\scoped_dir3376_7362}, takesHeapSnapshot=true, databaseEnabled=false, handlesAlerts=true, hasTouchScreen=false, version=51.0.2704.106, platform=XP, browserConnectionEnabled=false, nativeEvents=true, acceptSslCerts=true, locationContextEnabled=true, webStorageEnabled=true, browserName=chrome, takesScreenshot=true, javascriptEnabled=true, cssSelectorsEnabled=true}]
Session ID: 2ccbeb8038ba4d686b34dd8eadd53e8c
*** Element info: {Using=xpath, value=//*[@id="loginBarHandle"]/label/a}
	at sun.reflect.GeneratedConstructorAccessor10.newInstance(Unknown Source)
	at sun.reflect.DelegatingConstructorAccessorImpl.newInstance(Unknown Source)
	at java.lang.reflect.Constructor.newInstance(Unknown Source)
	at org.openqa.selenium.remote.ErrorHandler.createThrowable(ErrorHandler.java:206)
	at org.openqa.selenium.remote.ErrorHandler.throwIfResponseFailed(ErrorHandler.java:158)
	at org.openqa.selenium.remote.RemoteWebDriver.execute(RemoteWebDriver.java:678)
	at org.openqa.selenium.remote.RemoteWebDriver.findElement(RemoteWebDriver.java:363)
	at org.openqa.selenium.remote.RemoteWebDriver.findElementByXPath(RemoteWebDriver.java:500)
	at org.openqa.selenium.By$ByXPath.findElement(By.java:361)
	at org.openqa.selenium.remote.RemoteWebDriver.findElement(RemoteWebDriver.java:355)
	at org.openqa.selenium.support.ui.ExpectedConditions.findElement(ExpectedConditions.java:899)
	at org.openqa.selenium.support.ui.ExpectedConditions.access$000(ExpectedConditions.java:41)
	at org.openqa.selenium.support.ui.ExpectedConditions$7.apply(ExpectedConditions.java:205)
	at org.openqa.selenium.support.ui.ExpectedConditions$7.apply(ExpectedConditions.java:201)
	at org.openqa.selenium.support.ui.ExpectedConditions$22.apply(ExpectedConditions.java:653)
	at org.openqa.selenium.support.ui.ExpectedConditions$22.apply(ExpectedConditions.java:646)
	at org.openqa.selenium.support.ui.FluentWait.until(FluentWait.java:238)
	... 6 more
2016-07-16 12:11:39 ERROR PostTask:41 - Error while posting: url = http://raovatthoitrang.com
org.openqa.selenium.WebDriverException: disconnected: received Inspector.detached event
  (Session info: chrome=51.0.2704.106)
  (Driver info: chromedriver=2.22.397933 (1cab651507b88dec79b2b2a22d1943c01833cc1b),platform=Windows NT 6.1.7601 SP1 x86_64) (WARNING: The server did not provide any stacktrace information)
Command duration or timeout: 4.55 seconds
Build info: version: '2.53.0', revision: '35ae25b1534ae328c771e0856c93e187490ca824', time: '2016-03-15 10:43:46'
System info: host: 'Bao-PC', ip: '192.168.100.3', os.name: 'Windows 7', os.arch: 'amd64', os.version: '6.1', java.version: '1.8.0_91'
Driver info: org.openqa.selenium.chrome.ChromeDriver
Capabilities [{applicationCacheEnabled=false, rotatable=false, mobileEmulationEnabled=false, chrome={chromedriverVersion=2.22.397933 (1cab651507b88dec79b2b2a22d1943c01833cc1b), userDataDir=C:\Users\Bao\AppData\Local\Temp\scoped_dir3828_6470}, takesHeapSnapshot=true, databaseEnabled=false, handlesAlerts=true, hasTouchScreen=false, version=51.0.2704.106, platform=XP, browserConnectionEnabled=false, nativeEvents=true, acceptSslCerts=true, locationContextEnabled=true, webStorageEnabled=true, browserName=chrome, takesScreenshot=true, javascriptEnabled=true, cssSelectorsEnabled=true}]
Session ID: 49788826ec280b618ca11dacefd0e3d4
	at sun.reflect.NativeConstructorAccessorImpl.newInstance0(Native Method)
	at sun.reflect.NativeConstructorAccessorImpl.newInstance(Unknown Source)
	at sun.reflect.DelegatingConstructorAccessorImpl.newInstance(Unknown Source)
	at java.lang.reflect.Constructor.newInstance(Unknown Source)
	at org.openqa.selenium.remote.ErrorHandler.createThrowable(ErrorHandler.java:206)
	at org.openqa.selenium.remote.ErrorHandler.throwIfResponseFailed(ErrorHandler.java:158)
	at org.openqa.selenium.remote.RemoteWebDriver.execute(RemoteWebDriver.java:678)
	at org.openqa.selenium.remote.RemoteWebDriver.get(RemoteWebDriver.java:316)
	at bao.autopost.model.Website.access(Website.java:195)
	at bao.autopost.model.Website.post(Website.java:224)
	at bao.autopost.model.PostTask.run(PostTask.java:36)
	at java.util.concurrent.ThreadPoolExecutor.runWorker(Unknown Source)
	at java.util.concurrent.ThreadPoolExecutor$Worker.run(Unknown Source)
	at java.lang.Thread.run(Unknown Source)
2016-07-16 12:12:34 ERROR PostTask:41 - Error while posting: url = http://raovatthoitrang.com
org.openqa.selenium.WebDriverException: disconnected: received Inspector.detached event
  (Session info: chrome=51.0.2704.106)
  (Driver info: chromedriver=2.22.397933 (1cab651507b88dec79b2b2a22d1943c01833cc1b),platform=Windows NT 6.1.7601 SP1 x86_64) (WARNING: The server did not provide any stacktrace information)
Command duration or timeout: 16.32 seconds
Build info: version: '2.53.0', revision: '35ae25b1534ae328c771e0856c93e187490ca824', time: '2016-03-15 10:43:46'
System info: host: 'Bao-PC', ip: '192.168.100.3', os.name: 'Windows 7', os.arch: 'amd64', os.version: '6.1', java.version: '1.8.0_91'
Driver info: org.openqa.selenium.chrome.ChromeDriver
Capabilities [{applicationCacheEnabled=false, rotatable=false, mobileEmulationEnabled=false, chrome={chromedriverVersion=2.22.397933 (1cab651507b88dec79b2b2a22d1943c01833cc1b), userDataDir=C:\Users\Bao\AppData\Local\Temp\scoped_dir4268_17170}, takesHeapSnapshot=true, databaseEnabled=false, handlesAlerts=true, hasTouchScreen=false, version=51.0.2704.106, platform=XP, browserConnectionEnabled=false, nativeEvents=true, acceptSslCerts=true, locationContextEnabled=true, webStorageEnabled=true, browserName=chrome, takesScreenshot=true, javascriptEnabled=true, cssSelectorsEnabled=true}]
Session ID: 4591996c8cd3648daa361a13e1a63b94
	at sun.reflect.NativeConstructorAccessorImpl.newInstance0(Native Method)
	at sun.reflect.NativeConstructorAccessorImpl.newInstance(Unknown Source)
	at sun.reflect.DelegatingConstructorAccessorImpl.newInstance(Unknown Source)
	at java.lang.reflect.Constructor.newInstance(Unknown Source)
	at org.openqa.selenium.remote.ErrorHandler.createThrowable(ErrorHandler.java:206)
	at org.openqa.selenium.remote.ErrorHandler.throwIfResponseFailed(ErrorHandler.java:158)
	at org.openqa.selenium.remote.RemoteWebDriver.execute(RemoteWebDriver.java:678)
	at org.openqa.selenium.remote.RemoteWebDriver.get(RemoteWebDriver.java:316)
	at bao.autopost.model.Website.access(Website.java:195)
	at bao.autopost.model.Website.post(Website.java:224)
	at bao.autopost.model.PostTask.run(PostTask.java:36)
	at java.util.concurrent.ThreadPoolExecutor.runWorker(Unknown Source)
	at java.util.concurrent.ThreadPoolExecutor$Worker.run(Unknown Source)
	at java.lang.Thread.run(Unknown Source)
2016-07-16 12:15:16 ERROR PostTask:41 - Error while posting: url = http://daythietkethoitrang.com/forum
org.openqa.selenium.ElementNotVisibleException: element not visible
  (Session info: chrome=51.0.2704.106)
  (Driver info: chromedriver=2.22.397933 (1cab651507b88dec79b2b2a22d1943c01833cc1b),platform=Windows NT 6.1.7601 SP1 x86_64) (WARNING: The server did not provide any stacktrace information)
Command duration or timeout: 77 milliseconds
Build info: version: '2.53.0', revision: '35ae25b1534ae328c771e0856c93e187490ca824', time: '2016-03-15 10:43:46'
System info: host: 'Bao-PC', ip: '192.168.100.3', os.name: 'Windows 7', os.arch: 'amd64', os.version: '6.1', java.version: '1.8.0_91'
Driver info: org.openqa.selenium.chrome.ChromeDriver
Capabilities [{applicationCacheEnabled=false, rotatable=false, mobileEmulationEnabled=false, chrome={chromedriverVersion=2.22.397933 (1cab651507b88dec79b2b2a22d1943c01833cc1b), userDataDir=C:\Users\Bao\AppData\Local\Temp\scoped_dir440_14641}, takesHeapSnapshot=true, databaseEnabled=false, handlesAlerts=true, hasTouchScreen=false, version=51.0.2704.106, platform=XP, browserConnectionEnabled=false, nativeEvents=true, acceptSslCerts=true, locationContextEnabled=true, webStorageEnabled=true, browserName=chrome, takesScreenshot=true, javascriptEnabled=true, cssSelectorsEnabled=true}]
Session ID: 29aa8a08a747301cf9355d719ff3d121
	at sun.reflect.NativeConstructorAccessorImpl.newInstance0(Native Method)
	at sun.reflect.NativeConstructorAccessorImpl.newInstance(Unknown Source)
	at sun.reflect.DelegatingConstructorAccessorImpl.newInstance(Unknown Source)
	at java.lang.reflect.Constructor.newInstance(Unknown Source)
	at org.openqa.selenium.remote.ErrorHandler.createThrowable(ErrorHandler.java:206)
	at org.openqa.selenium.remote.ErrorHandler.throwIfResponseFailed(ErrorHandler.java:158)
	at org.openqa.selenium.remote.RemoteWebDriver.execute(RemoteWebDriver.java:678)
	at org.openqa.selenium.remote.RemoteWebElement.execute(RemoteWebElement.java:327)
	at org.openqa.selenium.remote.RemoteWebElement.sendKeys(RemoteWebElement.java:122)
	at bao.autopost.model.Website.login(Website.java:205)
	at bao.autopost.model.Website.post(Website.java:225)
	at bao.autopost.model.PostTask.run(PostTask.java:36)
	at java.util.concurrent.ThreadPoolExecutor.runWorker(Unknown Source)
	at java.util.concurrent.ThreadPoolExecutor$Worker.run(Unknown Source)
	at java.lang.Thread.run(Unknown Source)
2016-07-16 12:15:18 ERROR PostTask:41 - Error while posting: url = http://raovatthoitrang.com
org.openqa.selenium.TimeoutException: Timed out after 20 seconds waiting for element to be clickable: By.xpath: //*[@id="loginBarHandle"]/label/a
Build info: version: '2.53.0', revision: '35ae25b1534ae328c771e0856c93e187490ca824', time: '2016-03-15 10:43:46'
System info: host: 'Bao-PC', ip: '192.168.100.3', os.name: 'Windows 7', os.arch: 'amd64', os.version: '6.1', java.version: '1.8.0_91'
Driver info: org.openqa.selenium.chrome.ChromeDriver
Capabilities [{applicationCacheEnabled=false, rotatable=false, mobileEmulationEnabled=false, chrome={chromedriverVersion=2.22.397933 (1cab651507b88dec79b2b2a22d1943c01833cc1b), userDataDir=C:\Users\Bao\AppData\Local\Temp\scoped_dir2472_2637}, takesHeapSnapshot=true, databaseEnabled=false, handlesAlerts=true, hasTouchScreen=false, version=51.0.2704.106, platform=XP, browserConnectionEnabled=false, nativeEvents=true, acceptSslCerts=true, locationContextEnabled=true, webStorageEnabled=true, browserName=chrome, takesScreenshot=true, javascriptEnabled=true, cssSelectorsEnabled=true}]
Session ID: a33c6608e105900406b1092125bb9be9
	at org.openqa.selenium.support.ui.WebDriverWait.timeoutException(WebDriverWait.java:80)
	at org.openqa.selenium.support.ui.FluentWait.until(FluentWait.java:261)
	at bao.autopost.model.Website.login(Website.java:201)
	at bao.autopost.model.Website.post(Website.java:225)
	at bao.autopost.model.PostTask.run(PostTask.java:36)
	at java.util.concurrent.ThreadPoolExecutor.runWorker(Unknown Source)
	at java.util.concurrent.ThreadPoolExecutor$Worker.run(Unknown Source)
	at java.lang.Thread.run(Unknown Source)
Caused by: org.openqa.selenium.NoSuchWindowException: no such window: target window already closed
from unknown error: web view not found
  (Session info: chrome=51.0.2704.106)
  (Driver info: chromedriver=2.22.397933 (1cab651507b88dec79b2b2a22d1943c01833cc1b),platform=Windows NT 6.1.7601 SP1 x86_64) (WARNING: The server did not provide any stacktrace information)
Command duration or timeout: 5 milliseconds
Build info: version: '2.53.0', revision: '35ae25b1534ae328c771e0856c93e187490ca824', time: '2016-03-15 10:43:46'
System info: host: 'Bao-PC', ip: '192.168.100.3', os.name: 'Windows 7', os.arch: 'amd64', os.version: '6.1', java.version: '1.8.0_91'
Driver info: org.openqa.selenium.chrome.ChromeDriver
Capabilities [{applicationCacheEnabled=false, rotatable=false, mobileEmulationEnabled=false, chrome={chromedriverVersion=2.22.397933 (1cab651507b88dec79b2b2a22d1943c01833cc1b), userDataDir=C:\Users\Bao\AppData\Local\Temp\scoped_dir2472_2637}, takesHeapSnapshot=true, databaseEnabled=false, handlesAlerts=true, hasTouchScreen=false, version=51.0.2704.106, platform=XP, browserConnectionEnabled=false, nativeEvents=true, acceptSslCerts=true, locationContextEnabled=true, webStorageEnabled=true, browserName=chrome, takesScreenshot=true, javascriptEnabled=true, cssSelectorsEnabled=true}]
Session ID: a33c6608e105900406b1092125bb9be9
*** Element info: {Using=xpath, value=//*[@id="loginBarHandle"]/label/a}
	at sun.reflect.GeneratedConstructorAccessor10.newInstance(Unknown Source)
	at sun.reflect.DelegatingConstructorAccessorImpl.newInstance(Unknown Source)
	at java.lang.reflect.Constructor.newInstance(Unknown Source)
	at org.openqa.selenium.remote.ErrorHandler.createThrowable(ErrorHandler.java:206)
	at org.openqa.selenium.remote.ErrorHandler.throwIfResponseFailed(ErrorHandler.java:158)
	at org.openqa.selenium.remote.RemoteWebDriver.execute(RemoteWebDriver.java:678)
	at org.openqa.selenium.remote.RemoteWebDriver.findElement(RemoteWebDriver.java:363)
	at org.openqa.selenium.remote.RemoteWebDriver.findElementByXPath(RemoteWebDriver.java:500)
	at org.openqa.selenium.By$ByXPath.findElement(By.java:361)
	at org.openqa.selenium.remote.RemoteWebDriver.findElement(RemoteWebDriver.java:355)
	at org.openqa.selenium.support.ui.ExpectedConditions.findElement(ExpectedConditions.java:899)
	at org.openqa.selenium.support.ui.ExpectedConditions.access$000(ExpectedConditions.java:41)
	at org.openqa.selenium.support.ui.ExpectedConditions$7.apply(ExpectedConditions.java:205)
	at org.openqa.selenium.support.ui.ExpectedConditions$7.apply(ExpectedConditions.java:201)
	at org.openqa.selenium.support.ui.ExpectedConditions$22.apply(ExpectedConditions.java:653)
	at org.openqa.selenium.support.ui.ExpectedConditions$22.apply(ExpectedConditions.java:646)
	at org.openqa.selenium.support.ui.FluentWait.until(FluentWait.java:238)
	... 6 more
2016-07-16 12:15:33 ERROR PostTask:41 - Error while posting: url = http://daythietkethoitrang.com/forum
org.openqa.selenium.ElementNotVisibleException: element not visible
  (Session info: chrome=51.0.2704.106)
  (Driver info: chromedriver=2.22.397933 (1cab651507b88dec79b2b2a22d1943c01833cc1b),platform=Windows NT 6.1.7601 SP1 x86_64) (WARNING: The server did not provide any stacktrace information)
Command duration or timeout: 88 milliseconds
Build info: version: '2.53.0', revision: '35ae25b1534ae328c771e0856c93e187490ca824', time: '2016-03-15 10:43:46'
System info: host: 'Bao-PC', ip: '192.168.100.3', os.name: 'Windows 7', os.arch: 'amd64', os.version: '6.1', java.version: '1.8.0_91'
Driver info: org.openqa.selenium.chrome.ChromeDriver
Capabilities [{applicationCacheEnabled=false, rotatable=false, mobileEmulationEnabled=false, chrome={chromedriverVersion=2.22.397933 (1cab651507b88dec79b2b2a22d1943c01833cc1b), userDataDir=C:\Users\Bao\AppData\Local\Temp\scoped_dir4960_30063}, takesHeapSnapshot=true, databaseEnabled=false, handlesAlerts=true, hasTouchScreen=false, version=51.0.2704.106, platform=XP, browserConnectionEnabled=false, nativeEvents=true, acceptSslCerts=true, locationContextEnabled=true, webStorageEnabled=true, browserName=chrome, takesScreenshot=true, javascriptEnabled=true, cssSelectorsEnabled=true}]
Session ID: d971d3fd0a31986d9d0e12a63cbabf19
	at sun.reflect.NativeConstructorAccessorImpl.newInstance0(Native Method)
	at sun.reflect.NativeConstructorAccessorImpl.newInstance(Unknown Source)
	at sun.reflect.DelegatingConstructorAccessorImpl.newInstance(Unknown Source)
	at java.lang.reflect.Constructor.newInstance(Unknown Source)
	at org.openqa.selenium.remote.ErrorHandler.createThrowable(ErrorHandler.java:206)
	at org.openqa.selenium.remote.ErrorHandler.throwIfResponseFailed(ErrorHandler.java:158)
	at org.openqa.selenium.remote.RemoteWebDriver.execute(RemoteWebDriver.java:678)
	at org.openqa.selenium.remote.RemoteWebElement.execute(RemoteWebElement.java:327)
	at org.openqa.selenium.remote.RemoteWebElement.sendKeys(RemoteWebElement.java:122)
	at bao.autopost.model.Website.login(Website.java:205)
	at bao.autopost.model.Website.post(Website.java:225)
	at bao.autopost.model.PostTask.run(PostTask.java:36)
	at java.util.concurrent.ThreadPoolExecutor.runWorker(Unknown Source)
	at java.util.concurrent.ThreadPoolExecutor$Worker.run(Unknown Source)
	at java.lang.Thread.run(Unknown Source)
2016-07-16 12:18:12 ERROR PostTask:41 - Error while posting: url = http://raovatthoitrang.com
org.openqa.selenium.remote.UnreachableBrowserException: Error communicating with the remote browser. It may have died.
Build info: version: '2.53.0', revision: '35ae25b1534ae328c771e0856c93e187490ca824', time: '2016-03-15 10:43:46'
System info: host: 'Bao-PC', ip: '192.168.100.3', os.name: 'Windows 7', os.arch: 'amd64', os.version: '6.1', java.version: '1.8.0_91'
Driver info: driver.version: RemoteWebDriver
Capabilities [{applicationCacheEnabled=false, rotatable=false, mobileEmulationEnabled=false, chrome={chromedriverVersion=2.22.397933 (1cab651507b88dec79b2b2a22d1943c01833cc1b), userDataDir=C:\Users\Bao\AppData\Local\Temp\scoped_dir1740_6923}, takesHeapSnapshot=true, databaseEnabled=false, handlesAlerts=true, hasTouchScreen=false, version=51.0.2704.106, platform=XP, browserConnectionEnabled=false, nativeEvents=true, acceptSslCerts=true, locationContextEnabled=true, webStorageEnabled=true, browserName=chrome, takesScreenshot=true, javascriptEnabled=true, cssSelectorsEnabled=true}]
	at org.openqa.selenium.remote.RemoteWebDriver.execute(RemoteWebDriver.java:665)
	at org.openqa.selenium.remote.RemoteWebDriver.findElement(RemoteWebDriver.java:363)
	at org.openqa.selenium.remote.RemoteWebDriver.findElementByXPath(RemoteWebDriver.java:500)
	at org.openqa.selenium.By$ByXPath.findElement(By.java:361)
	at org.openqa.selenium.remote.RemoteWebDriver.findElement(RemoteWebDriver.java:355)
	at org.openqa.selenium.support.ui.ExpectedConditions.findElement(ExpectedConditions.java:899)
	at org.openqa.selenium.support.ui.ExpectedConditions.access$000(ExpectedConditions.java:41)
	at org.openqa.selenium.support.ui.ExpectedConditions$7.apply(ExpectedConditions.java:205)
	at org.openqa.selenium.support.ui.ExpectedConditions$7.apply(ExpectedConditions.java:201)
	at org.openqa.selenium.support.ui.ExpectedConditions$22.apply(ExpectedConditions.java:653)
	at org.openqa.selenium.support.ui.ExpectedConditions$22.apply(ExpectedConditions.java:646)
	at org.openqa.selenium.support.ui.FluentWait.until(FluentWait.java:238)
	at bao.autopost.model.Website.login(Website.java:201)
	at bao.autopost.model.Website.post(Website.java:225)
	at bao.autopost.model.PostTask.run(PostTask.java:36)
	at java.util.concurrent.ThreadPoolExecutor.runWorker(Unknown Source)
	at java.util.concurrent.ThreadPoolExecutor$Worker.run(Unknown Source)
	at java.lang.Thread.run(Unknown Source)
Caused by: org.openqa.selenium.WebDriverException: org.apache.http.conn.HttpHostConnectException: Connect to localhost:37793 [localhost/127.0.0.1, localhost/0:0:0:0:0:0:0:1] failed: Connection refused: connect
Build info: version: '2.53.0', revision: '35ae25b1534ae328c771e0856c93e187490ca824', time: '2016-03-15 10:43:46'
System info: host: 'Bao-PC', ip: '192.168.100.3', os.name: 'Windows 7', os.arch: 'amd64', os.version: '6.1', java.version: '1.8.0_91'
Driver info: driver.version: RemoteWebDriver
	at org.openqa.selenium.remote.service.DriverCommandExecutor.execute(DriverCommandExecutor.java:91)
	at org.openqa.selenium.remote.RemoteWebDriver.execute(RemoteWebDriver.java:644)
	... 17 more
Caused by: org.apache.http.conn.HttpHostConnectException: Connect to localhost:37793 [localhost/127.0.0.1, localhost/0:0:0:0:0:0:0:1] failed: Connection refused: connect
	at org.apache.http.impl.conn.DefaultHttpClientConnectionOperator.connect(DefaultHttpClientConnectionOperator.java:151)
	at org.apache.http.impl.conn.PoolingHttpClientConnectionManager.connect(PoolingHttpClientConnectionManager.java:353)
	at org.apache.http.impl.execchain.MainClientExec.establishRoute(MainClientExec.java:380)
	at org.apache.http.impl.execchain.MainClientExec.execute(MainClientExec.java:236)
	at org.apache.http.impl.execchain.ProtocolExec.execute(ProtocolExec.java:184)
	at org.apache.http.impl.execchain.RetryExec.execute(RetryExec.java:88)
	at org.apache.http.impl.execchain.RedirectExec.execute(RedirectExec.java:110)
	at org.apache.http.impl.client.InternalHttpClient.doExecute(InternalHttpClient.java:184)
	at org.apache.http.impl.client.CloseableHttpClient.execute(CloseableHttpClient.java:71)
	at org.apache.http.impl.client.CloseableHttpClient.execute(CloseableHttpClient.java:55)
	at org.openqa.selenium.remote.internal.ApacheHttpClient.fallBackExecute(ApacheHttpClient.java:144)
	at org.openqa.selenium.remote.internal.ApacheHttpClient.execute(ApacheHttpClient.java:90)
	at org.openqa.selenium.remote.HttpCommandExecutor.execute(HttpCommandExecutor.java:142)
	at org.openqa.selenium.remote.service.DriverCommandExecutor.execute(DriverCommandExecutor.java:82)
	... 18 more
Caused by: java.net.ConnectException: Connection refused: connect
	at java.net.DualStackPlainSocketImpl.waitForConnect(Native Method)
	at java.net.DualStackPlainSocketImpl.socketConnect(Unknown Source)
	at java.net.AbstractPlainSocketImpl.doConnect(Unknown Source)
	at java.net.AbstractPlainSocketImpl.connectToAddress(Unknown Source)
	at java.net.AbstractPlainSocketImpl.connect(Unknown Source)
	at java.net.PlainSocketImpl.connect(Unknown Source)
	at java.net.SocksSocketImpl.connect(Unknown Source)
	at java.net.Socket.connect(Unknown Source)
	at org.apache.http.conn.socket.PlainConnectionSocketFactory.connectSocket(PlainConnectionSocketFactory.java:74)
	at org.apache.http.impl.conn.DefaultHttpClientConnectionOperator.connect(DefaultHttpClientConnectionOperator.java:134)
	... 31 more
2016-07-16 12:20:19 ERROR PostTask:41 - Error while posting: url = http://raovatthoitrang.com
org.openqa.selenium.remote.UnreachableBrowserException: Error communicating with the remote browser. It may have died.
Build info: version: '2.53.0', revision: '35ae25b1534ae328c771e0856c93e187490ca824', time: '2016-03-15 10:43:46'
System info: host: 'Bao-PC', ip: '192.168.100.3', os.name: 'Windows 7', os.arch: 'amd64', os.version: '6.1', java.version: '1.8.0_91'
Driver info: driver.version: RemoteWebDriver
Capabilities [{applicationCacheEnabled=false, rotatable=false, mobileEmulationEnabled=false, chrome={chromedriverVersion=2.22.397933 (1cab651507b88dec79b2b2a22d1943c01833cc1b), userDataDir=C:\Users\Bao\AppData\Local\Temp\scoped_dir5024_29088}, takesHeapSnapshot=true, databaseEnabled=false, handlesAlerts=true, hasTouchScreen=false, version=51.0.2704.106, platform=XP, browserConnectionEnabled=false, nativeEvents=true, acceptSslCerts=true, locationContextEnabled=true, webStorageEnabled=true, browserName=chrome, takesScreenshot=true, javascriptEnabled=true, cssSelectorsEnabled=true}]
	at org.openqa.selenium.remote.RemoteWebDriver.execute(RemoteWebDriver.java:665)
	at org.openqa.selenium.remote.RemoteWebDriver.findElement(RemoteWebDriver.java:363)
	at org.openqa.selenium.remote.RemoteWebDriver.findElementByXPath(RemoteWebDriver.java:500)
	at org.openqa.selenium.By$ByXPath.findElement(By.java:361)
	at org.openqa.selenium.remote.RemoteWebDriver.findElement(RemoteWebDriver.java:355)
	at org.openqa.selenium.support.ui.ExpectedConditions.findElement(ExpectedConditions.java:899)
	at org.openqa.selenium.support.ui.ExpectedConditions.access$000(ExpectedConditions.java:41)
	at org.openqa.selenium.support.ui.ExpectedConditions$7.apply(ExpectedConditions.java:205)
	at org.openqa.selenium.support.ui.ExpectedConditions$7.apply(ExpectedConditions.java:201)
	at org.openqa.selenium.support.ui.ExpectedConditions$22.apply(ExpectedConditions.java:653)
	at org.openqa.selenium.support.ui.ExpectedConditions$22.apply(ExpectedConditions.java:646)
	at org.openqa.selenium.support.ui.FluentWait.until(FluentWait.java:238)
	at bao.autopost.model.Website.login(Website.java:201)
	at bao.autopost.model.Website.post(Website.java:225)
	at bao.autopost.model.PostTask.run(PostTask.java:36)
	at java.util.concurrent.ThreadPoolExecutor.runWorker(Unknown Source)
	at java.util.concurrent.ThreadPoolExecutor$Worker.run(Unknown Source)
	at java.lang.Thread.run(Unknown Source)
Caused by: org.openqa.selenium.WebDriverException: org.apache.http.conn.HttpHostConnectException: Connect to localhost:14058 [localhost/127.0.0.1, localhost/0:0:0:0:0:0:0:1] failed: Connection refused: connect
Build info: version: '2.53.0', revision: '35ae25b1534ae328c771e0856c93e187490ca824', time: '2016-03-15 10:43:46'
System info: host: 'Bao-PC', ip: '192.168.100.3', os.name: 'Windows 7', os.arch: 'amd64', os.version: '6.1', java.version: '1.8.0_91'
Driver info: driver.version: RemoteWebDriver
	at org.openqa.selenium.remote.service.DriverCommandExecutor.execute(DriverCommandExecutor.java:91)
	at org.openqa.selenium.remote.RemoteWebDriver.execute(RemoteWebDriver.java:644)
	... 17 more
Caused by: org.apache.http.conn.HttpHostConnectException: Connect to localhost:14058 [localhost/127.0.0.1, localhost/0:0:0:0:0:0:0:1] failed: Connection refused: connect
	at org.apache.http.impl.conn.DefaultHttpClientConnectionOperator.connect(DefaultHttpClientConnectionOperator.java:151)
	at org.apache.http.impl.conn.PoolingHttpClientConnectionManager.connect(PoolingHttpClientConnectionManager.java:353)
	at org.apache.http.impl.execchain.MainClientExec.establishRoute(MainClientExec.java:380)
	at org.apache.http.impl.execchain.MainClientExec.execute(MainClientExec.java:236)
	at org.apache.http.impl.execchain.ProtocolExec.execute(ProtocolExec.java:184)
	at org.apache.http.impl.execchain.RetryExec.execute(RetryExec.java:88)
	at org.apache.http.impl.execchain.RedirectExec.execute(RedirectExec.java:110)
	at org.apache.http.impl.client.InternalHttpClient.doExecute(InternalHttpClient.java:184)
	at org.apache.http.impl.client.CloseableHttpClient.execute(CloseableHttpClient.java:71)
	at org.apache.http.impl.client.CloseableHttpClient.execute(CloseableHttpClient.java:55)
	at org.openqa.selenium.remote.internal.ApacheHttpClient.fallBackExecute(ApacheHttpClient.java:144)
	at org.openqa.selenium.remote.internal.ApacheHttpClient.execute(ApacheHttpClient.java:90)
	at org.openqa.selenium.remote.HttpCommandExecutor.execute(HttpCommandExecutor.java:142)
	at org.openqa.selenium.remote.service.DriverCommandExecutor.execute(DriverCommandExecutor.java:82)
	... 18 more
Caused by: java.net.ConnectException: Connection refused: connect
	at java.net.DualStackPlainSocketImpl.waitForConnect(Native Method)
	at java.net.DualStackPlainSocketImpl.socketConnect(Unknown Source)
	at java.net.AbstractPlainSocketImpl.doConnect(Unknown Source)
	at java.net.AbstractPlainSocketImpl.connectToAddress(Unknown Source)
	at java.net.AbstractPlainSocketImpl.connect(Unknown Source)
	at java.net.PlainSocketImpl.connect(Unknown Source)
	at java.net.SocksSocketImpl.connect(Unknown Source)
	at java.net.Socket.connect(Unknown Source)
	at org.apache.http.conn.socket.PlainConnectionSocketFactory.connectSocket(PlainConnectionSocketFactory.java:74)
	at org.apache.http.impl.conn.DefaultHttpClientConnectionOperator.connect(DefaultHttpClientConnectionOperator.java:134)
	... 31 more
2016-07-16 12:20:19 ERROR PostTask:41 - Error while posting: url = http://raovatthoitrang.com
org.openqa.selenium.remote.UnreachableBrowserException: Error communicating with the remote browser. It may have died.
Build info: version: '2.53.0', revision: '35ae25b1534ae328c771e0856c93e187490ca824', time: '2016-03-15 10:43:46'
System info: host: 'Bao-PC', ip: '192.168.100.3', os.name: 'Windows 7', os.arch: 'amd64', os.version: '6.1', java.version: '1.8.0_91'
Driver info: driver.version: RemoteWebDriver
Capabilities [{applicationCacheEnabled=false, rotatable=false, mobileEmulationEnabled=false, chrome={chromedriverVersion=2.22.397933 (1cab651507b88dec79b2b2a22d1943c01833cc1b), userDataDir=C:\Users\Bao\AppData\Local\Temp\scoped_dir5024_29088}, takesHeapSnapshot=true, databaseEnabled=false, handlesAlerts=true, hasTouchScreen=false, version=51.0.2704.106, platform=XP, browserConnectionEnabled=false, nativeEvents=true, acceptSslCerts=true, locationContextEnabled=true, webStorageEnabled=true, browserName=chrome, takesScreenshot=true, javascriptEnabled=true, cssSelectorsEnabled=true}]
	at org.openqa.selenium.remote.RemoteWebDriver.execute(RemoteWebDriver.java:665)
	at org.openqa.selenium.remote.RemoteWebDriver.findElement(RemoteWebDriver.java:363)
	at org.openqa.selenium.remote.RemoteWebDriver.findElementByXPath(RemoteWebDriver.java:500)
	at org.openqa.selenium.By$ByXPath.findElement(By.java:361)
	at org.openqa.selenium.remote.RemoteWebDriver.findElement(RemoteWebDriver.java:355)
	at org.openqa.selenium.support.ui.ExpectedConditions.findElement(ExpectedConditions.java:899)
	at org.openqa.selenium.support.ui.ExpectedConditions.access$000(ExpectedConditions.java:41)
	at org.openqa.selenium.support.ui.ExpectedConditions$7.apply(ExpectedConditions.java:205)
	at org.openqa.selenium.support.ui.ExpectedConditions$7.apply(ExpectedConditions.java:201)
	at org.openqa.selenium.support.ui.ExpectedConditions$22.apply(ExpectedConditions.java:653)
	at org.openqa.selenium.support.ui.ExpectedConditions$22.apply(ExpectedConditions.java:646)
	at org.openqa.selenium.support.ui.FluentWait.until(FluentWait.java:238)
	at bao.autopost.model.Website.login(Website.java:201)
	at bao.autopost.model.Website.post(Website.java:225)
	at bao.autopost.model.PostTask.run(PostTask.java:36)
	at java.util.concurrent.ThreadPoolExecutor.runWorker(Unknown Source)
	at java.util.concurrent.ThreadPoolExecutor$Worker.run(Unknown Source)
	at java.lang.Thread.run(Unknown Source)
Caused by: org.openqa.selenium.WebDriverException: org.apache.http.conn.HttpHostConnectException: Connect to localhost:14058 [localhost/127.0.0.1, localhost/0:0:0:0:0:0:0:1] failed: Connection refused: connect
Build info: version: '2.53.0', revision: '35ae25b1534ae328c771e0856c93e187490ca824', time: '2016-03-15 10:43:46'
System info: host: 'Bao-PC', ip: '192.168.100.3', os.name: 'Windows 7', os.arch: 'amd64', os.version: '6.1', java.version: '1.8.0_91'
Driver info: driver.version: RemoteWebDriver
	at org.openqa.selenium.remote.service.DriverCommandExecutor.execute(DriverCommandExecutor.java:91)
	at org.openqa.selenium.remote.RemoteWebDriver.execute(RemoteWebDriver.java:644)
	... 17 more
Caused by: org.apache.http.conn.HttpHostConnectException: Connect to localhost:14058 [localhost/127.0.0.1, localhost/0:0:0:0:0:0:0:1] failed: Connection refused: connect
	at org.apache.http.impl.conn.DefaultHttpClientConnectionOperator.connect(DefaultHttpClientConnectionOperator.java:151)
	at org.apache.http.impl.conn.PoolingHttpClientConnectionManager.connect(PoolingHttpClientConnectionManager.java:353)
	at org.apache.http.impl.execchain.MainClientExec.establishRoute(MainClientExec.java:380)
	at org.apache.http.impl.execchain.MainClientExec.execute(MainClientExec.java:236)
	at org.apache.http.impl.execchain.ProtocolExec.execute(ProtocolExec.java:184)
	at org.apache.http.impl.execchain.RetryExec.execute(RetryExec.java:88)
	at org.apache.http.impl.execchain.RedirectExec.execute(RedirectExec.java:110)
	at org.apache.http.impl.client.InternalHttpClient.doExecute(InternalHttpClient.java:184)
	at org.apache.http.impl.client.CloseableHttpClient.execute(CloseableHttpClient.java:71)
	at org.apache.http.impl.client.CloseableHttpClient.execute(CloseableHttpClient.java:55)
	at org.openqa.selenium.remote.internal.ApacheHttpClient.fallBackExecute(ApacheHttpClient.java:144)
	at org.openqa.selenium.remote.internal.ApacheHttpClient.execute(ApacheHttpClient.java:90)
	at org.openqa.selenium.remote.HttpCommandExecutor.execute(HttpCommandExecutor.java:142)
	at org.openqa.selenium.remote.service.DriverCommandExecutor.execute(DriverCommandExecutor.java:82)
	... 18 more
Caused by: java.net.ConnectException: Connection refused: connect
	at java.net.DualStackPlainSocketImpl.waitForConnect(Native Method)
	at java.net.DualStackPlainSocketImpl.socketConnect(Unknown Source)
	at java.net.AbstractPlainSocketImpl.doConnect(Unknown Source)
	at java.net.AbstractPlainSocketImpl.connectToAddress(Unknown Source)
	at java.net.AbstractPlainSocketImpl.connect(Unknown Source)
	at java.net.PlainSocketImpl.connect(Unknown Source)
	at java.net.SocksSocketImpl.connect(Unknown Source)
	at java.net.Socket.connect(Unknown Source)
	at org.apache.http.conn.socket.PlainConnectionSocketFactory.connectSocket(PlainConnectionSocketFactory.java:74)
	at org.apache.http.impl.conn.DefaultHttpClientConnectionOperator.connect(DefaultHttpClientConnectionOperator.java:134)
	... 31 more
2016-07-16 14:02:04 ERROR PostTask:41 - Error while posting: url = http://raovatthoitrang.com
org.openqa.selenium.TimeoutException: Timed out after 15 seconds waiting for element to be clickable: By.xpath: //*[@id="loginBarHandle"]/label/a
Build info: version: '2.53.0', revision: '35ae25b1534ae328c771e0856c93e187490ca824', time: '2016-03-15 10:43:46'
System info: host: 'Bao-PC', ip: '192.168.100.3', os.name: 'Windows 7', os.arch: 'amd64', os.version: '6.1', java.version: '1.8.0_91'
Driver info: org.openqa.selenium.chrome.ChromeDriver
Capabilities [{applicationCacheEnabled=false, rotatable=false, mobileEmulationEnabled=false, chrome={chromedriverVersion=2.22.397933 (1cab651507b88dec79b2b2a22d1943c01833cc1b), userDataDir=C:\Users\Bao\AppData\Local\Temp\scoped_dir2472_25172}, takesHeapSnapshot=true, databaseEnabled=false, handlesAlerts=true, hasTouchScreen=false, version=51.0.2704.106, platform=XP, browserConnectionEnabled=false, nativeEvents=true, acceptSslCerts=true, locationContextEnabled=true, webStorageEnabled=true, browserName=chrome, takesScreenshot=true, javascriptEnabled=true, cssSelectorsEnabled=true}]
Session ID: 9210944dcd618f9dea7d03413f349357
	at org.openqa.selenium.support.ui.WebDriverWait.timeoutException(WebDriverWait.java:80)
	at org.openqa.selenium.support.ui.FluentWait.until(FluentWait.java:261)
	at bao.autopost.model.Website.login(Website.java:200)
	at bao.autopost.model.Website.post(Website.java:223)
	at bao.autopost.model.PostTask.run(PostTask.java:36)
	at java.util.concurrent.ThreadPoolExecutor.runWorker(Unknown Source)
	at java.util.concurrent.ThreadPoolExecutor$Worker.run(Unknown Source)
	at java.lang.Thread.run(Unknown Source)
Caused by: org.openqa.selenium.NoSuchWindowException: no such window: target window already closed
from unknown error: web view not found
  (Session info: chrome=51.0.2704.106)
  (Driver info: chromedriver=2.22.397933 (1cab651507b88dec79b2b2a22d1943c01833cc1b),platform=Windows NT 6.1.7601 SP1 x86_64) (WARNING: The server did not provide any stacktrace information)
Command duration or timeout: 4 milliseconds
Build info: version: '2.53.0', revision: '35ae25b1534ae328c771e0856c93e187490ca824', time: '2016-03-15 10:43:46'
System info: host: 'Bao-PC', ip: '192.168.100.3', os.name: 'Windows 7', os.arch: 'amd64', os.version: '6.1', java.version: '1.8.0_91'
Driver info: org.openqa.selenium.chrome.ChromeDriver
Capabilities [{applicationCacheEnabled=false, rotatable=false, mobileEmulationEnabled=false, chrome={chromedriverVersion=2.22.397933 (1cab651507b88dec79b2b2a22d1943c01833cc1b), userDataDir=C:\Users\Bao\AppData\Local\Temp\scoped_dir2472_25172}, takesHeapSnapshot=true, databaseEnabled=false, handlesAlerts=true, hasTouchScreen=false, version=51.0.2704.106, platform=XP, browserConnectionEnabled=false, nativeEvents=true, acceptSslCerts=true, locationContextEnabled=true, webStorageEnabled=true, browserName=chrome, takesScreenshot=true, javascriptEnabled=true, cssSelectorsEnabled=true}]
Session ID: 9210944dcd618f9dea7d03413f349357
*** Element info: {Using=xpath, value=//*[@id="loginBarHandle"]/label/a}
	at sun.reflect.GeneratedConstructorAccessor10.newInstance(Unknown Source)
	at sun.reflect.DelegatingConstructorAccessorImpl.newInstance(Unknown Source)
	at java.lang.reflect.Constructor.newInstance(Unknown Source)
	at org.openqa.selenium.remote.ErrorHandler.createThrowable(ErrorHandler.java:206)
	at org.openqa.selenium.remote.ErrorHandler.throwIfResponseFailed(ErrorHandler.java:158)
	at org.openqa.selenium.remote.RemoteWebDriver.execute(RemoteWebDriver.java:678)
	at org.openqa.selenium.remote.RemoteWebDriver.findElement(RemoteWebDriver.java:363)
	at org.openqa.selenium.remote.RemoteWebDriver.findElementByXPath(RemoteWebDriver.java:500)
	at org.openqa.selenium.By$ByXPath.findElement(By.java:361)
	at org.openqa.selenium.remote.RemoteWebDriver.findElement(RemoteWebDriver.java:355)
	at org.openqa.selenium.support.ui.ExpectedConditions.findElement(ExpectedConditions.java:899)
	at org.openqa.selenium.support.ui.ExpectedConditions.access$000(ExpectedConditions.java:41)
	at org.openqa.selenium.support.ui.ExpectedConditions$7.apply(ExpectedConditions.java:205)
	at org.openqa.selenium.support.ui.ExpectedConditions$7.apply(ExpectedConditions.java:201)
	at org.openqa.selenium.support.ui.ExpectedConditions$22.apply(ExpectedConditions.java:653)
	at org.openqa.selenium.support.ui.ExpectedConditions$22.apply(ExpectedConditions.java:646)
	at org.openqa.selenium.support.ui.FluentWait.until(FluentWait.java:238)
	... 6 more
2016-07-16 14:10:00 ERROR PostTask:41 - Error while posting: url = http://raovatthoitrang.com
org.openqa.selenium.TimeoutException: timeout: cannot determine loading status
from timeout: Timed out receiving message from renderer: -0.004
  (Session info: chrome=51.0.2704.106)
  (Driver info: chromedriver=2.22.397933 (1cab651507b88dec79b2b2a22d1943c01833cc1b),platform=Windows NT 6.1.7601 SP1 x86_64) (WARNING: The server did not provide any stacktrace information)
Command duration or timeout: 15.01 seconds
Build info: version: '2.53.0', revision: '35ae25b1534ae328c771e0856c93e187490ca824', time: '2016-03-15 10:43:46'
System info: host: 'Bao-PC', ip: '192.168.100.3', os.name: 'Windows 7', os.arch: 'amd64', os.version: '6.1', java.version: '1.8.0_91'
Driver info: org.openqa.selenium.chrome.ChromeDriver
Capabilities [{applicationCacheEnabled=false, rotatable=false, mobileEmulationEnabled=false, chrome={chromedriverVersion=2.22.397933 (1cab651507b88dec79b2b2a22d1943c01833cc1b), userDataDir=C:\Users\Bao\AppData\Local\Temp\scoped_dir4252_22109}, takesHeapSnapshot=true, databaseEnabled=false, handlesAlerts=true, hasTouchScreen=false, version=51.0.2704.106, platform=XP, browserConnectionEnabled=false, nativeEvents=true, acceptSslCerts=true, locationContextEnabled=true, webStorageEnabled=true, browserName=chrome, takesScreenshot=true, javascriptEnabled=true, cssSelectorsEnabled=true}]
Session ID: 8221bdfe375a65df33f379ca8b136fdf
	at sun.reflect.NativeConstructorAccessorImpl.newInstance0(Native Method)
	at sun.reflect.NativeConstructorAccessorImpl.newInstance(Unknown Source)
	at sun.reflect.DelegatingConstructorAccessorImpl.newInstance(Unknown Source)
	at java.lang.reflect.Constructor.newInstance(Unknown Source)
	at org.openqa.selenium.remote.ErrorHandler.createThrowable(ErrorHandler.java:206)
	at org.openqa.selenium.remote.ErrorHandler.throwIfResponseFailed(ErrorHandler.java:158)
	at org.openqa.selenium.remote.RemoteWebDriver.execute(RemoteWebDriver.java:678)
	at org.openqa.selenium.remote.RemoteWebDriver.get(RemoteWebDriver.java:316)
	at bao.autopost.model.Website.access(Website.java:195)
	at bao.autopost.model.Website.post(Website.java:223)
	at bao.autopost.model.PostTask.run(PostTask.java:36)
	at java.util.concurrent.ThreadPoolExecutor.runWorker(Unknown Source)
	at java.util.concurrent.ThreadPoolExecutor$Worker.run(Unknown Source)
	at java.lang.Thread.run(Unknown Source)
